<?xml version="1.0" encoding="UTF-8"?>
<!-- Generated by org.testng.reporters.JUnitReportReporter -->
<testsuite hostname="ojt27-PC" name="DriverFactory.AppTest" tests="1" failures="0" timestamp="1 Oct 2019 03:36:05 GMT" time="27.869" errors="0">
  <testcase name="kickStart" time="27.869" classname="DriverFactory.AppTest"/>
</testsuite> <!-- DriverFactory.AppTest -->
