<?xml version="1.0" encoding="UTF-8"?>
<!-- Generated by org.testng.reporters.JUnitReportReporter -->
<testsuite hostname="DESKTOP-IFMK13R" name="DriverFactory.AppTest" tests="1" failures="0" timestamp="23 Oct 2019 05:52:56 GMT" time="22.832" errors="0">
  <testcase name="kickStart" time="22.832" classname="DriverFactory.AppTest"/>
</testsuite> <!-- DriverFactory.AppTest -->
